<?xml version="1.0" encoding="UTF-8"?>
<!-- Generated by org.testng.reporters.JUnitReportReporter -->
<testsuite skipped="0" hostname="LAPTOP-BGS5S7GJ" name="com.crazy.tests.MTXCases" tests="6" failures="0" timestamp="03 六月 2020 06:12:19 GMT" time="42.217" errors="0">
  <testcase name="test004_acceptGoods" time="2.492" classname="com.crazy.tests.MTXCases"/>
  <testcase name="test001_login" time="2.572" classname="com.crazy.tests.MTXCases"/>
  <testcase name="test005_comment" time="7.122" classname="com.crazy.tests.MTXCases"/>
  <testcase name="test003_sendGoods" time="12.837" classname="com.crazy.tests.MTXCases"/>
  <testcase name="test002_order" time="9.326" classname="com.crazy.tests.MTXCases"/>
  <testcase name="test006_refund" time="7.868" classname="com.crazy.tests.MTXCases"/>
</testsuite> <!-- com.crazy.tests.MTXCases -->
