<?xml version="1.0" encoding="UTF-8"?>
<!-- Generated by org.testng.reporters.JUnitReportReporter -->
<testsuite skipped="0" hostname="LAPTOP-BGS5S7GJ" name="com.crazy.tests.MallTests0308" tests="3" failures="0" timestamp="08 三月 2020 09:11:58 GMT" time="4.971" errors="0">
  <testcase name="test001_login" time="2.513" classname="com.crazy.tests.MallTests0308"/>
  <testcase name="test002_login" time="1.252" classname="com.crazy.tests.MallTests0308"/>
  <testcase name="test003_login" time="1.206" classname="com.crazy.tests.MallTests0308"/>
</testsuite> <!-- com.crazy.tests.MallTests0308 -->
