<?xml version="1.0" encoding="UTF-8"?>
<!-- Generated by org.testng.reporters.JUnitReportReporter -->
<testsuite skipped="0" hostname="LAPTOP-BGS5S7GJ" name="com.crazy.auto.keyword.KeyWordTests0519" tests="3" failures="0" timestamp="21 May 2020 13:26:18 GMT" time="29.141" errors="0">
  <testcase name="test" time="8.927" classname="com.crazy.auto.keyword.KeyWordTests0519"/>
  <testcase name="test" time="15.117" classname="com.crazy.auto.keyword.KeyWordTests0519"/>
  <testcase name="test" time="5.097" classname="com.crazy.auto.keyword.KeyWordTests0519"/>
</testsuite> <!-- com.crazy.auto.keyword.KeyWordTests0519 -->
