<?xml version="1.0" encoding="UTF-8"?>
<!-- Generated by org.testng.reporters.JUnitReportReporter -->
<testsuite skipped="0" hostname="LAPTOP-BGS5S7GJ" name="com.crazy.mty.tests.MTYPersonInfoTests" tests="1" failures="0" timestamp="19 Apr 2020 07:45:58 GMT" time="23.189" errors="0">
  <testcase name="test001_login" time="23.189" classname="com.crazy.mty.tests.MTYPersonInfoTests"/>
</testsuite> <!-- com.crazy.mty.tests.MTYPersonInfoTests -->
