<?xml version="1.0" encoding="UTF-8"?>
<!-- Generated by org.testng.reporters.JUnitReportReporter -->
<testsuite skipped="0" hostname="LAPTOP-BGS5S7GJ" name="com.crazy.mty.tests.MTYTests" tests="6" failures="0" timestamp="19 Apr 2020 08:57:11 GMT" time="117.437" errors="0">
  <testcase name="test001_login" time="17.934" classname="com.crazy.mty.tests.MTYTests"/>
  <testcase name="test007_login" time="17.549" classname="com.crazy.mty.tests.MTYTests"/>
  <testcase name="test007_login" time="20.978" classname="com.crazy.mty.tests.MTYTests"/>
  <testcase name="test007_login" time="16.674" classname="com.crazy.mty.tests.MTYTests"/>
  <testcase name="test007_login" time="24.283" classname="com.crazy.mty.tests.MTYTests"/>
  <testcase name="test007_login" time="20.019" classname="com.crazy.mty.tests.MTYTests"/>
</testsuite> <!-- com.crazy.mty.tests.MTYTests -->
