<?xml version="1.0" encoding="UTF-8"?>
<!-- Generated by org.testng.reporters.JUnitReportReporter -->
<testsuite skipped="0" hostname="LAPTOP-BGS5S7GJ" name="com.crazy.mty.tests.MTYMyTravelTests" tests="1" failures="0" timestamp="19 Apr 2020 08:24:03 GMT" time="16.773" errors="0">
  <testcase name="test001_createTrip" time="16.773" classname="com.crazy.mty.tests.MTYMyTravelTests"/>
</testsuite> <!-- com.crazy.mty.tests.MTYMyTravelTests -->
